# JRE version: Java(TM) SE Runtime Environment (8.0_45-b14) (build 1.8.0_45-b14)
# Java VM: Java HotSpot(TM) 64-Bit Server VM (25.45-b02 mixed mode windows-amd64 compressed oops)
Heap:
 PSYoungGen      total 610304K, used 127558K [0x00000000d5f80000, 0x00000000ff100000, 0x0000000100000000)
  eden space 567808K, 22% used [0x00000000d5f80000,0x00000000ddc11b80,0x00000000f8a00000)
  from space 42496K, 0% used [0x00000000fa300000,0x00000000fa300000,0x00000000fcc80000)
  to   space 37376K, 0% used [0x00000000fcc80000,0x00000000fcc80000,0x00000000ff100000)
 ParOldGen       total 237568K, used 99589K [0x0000000081e00000, 0x0000000090600000, 0x00000000d5f80000)
  object space 237568K, 41% used [0x0000000081e00000,0x0000000087f41568,0x0000000090600000)
 Metaspace       used 93953K, capacity 98478K, committed 98636K, reserved 1134592K
  class space    used 11926K, capacity 12722K, committed 12800K, reserved 1048576K
GC Heap History (10 events):
Event: 14.964 GC heap before
{Heap before GC invocations=19 (full 3):
 PSYoungGen      total 596480K, used 566784K [0x00000000d5f80000, 0x0000000100000000, 0x0000000100000000)
  eden space 566784K, 100% used [0x00000000d5f80000,0x00000000f8900000,0x00000000f8900000)
  from space 29696K, 0% used [0x00000000f8900000,0x00000000f8900000,0x00000000fa600000)
  to   space 34816K, 0% used [0x00000000fde00000,0x00000000fde00000,0x0000000100000000)
 ParOldGen       total 168960K, used 69853K [0x0000000081e00000, 0x000000008c300000, 0x00000000d5f80000)
  object space 168960K, 41% used [0x0000000081e00000,0x0000000086237478,0x000000008c300000)
 Metaspace       used 68574K, capacity 71540K, committed 71680K, reserved 1112064K
  class space    used 9042K, capacity 9602K, committed 9728K, reserved 1048576K
Event: 14.980 GC heap after
Heap after GC invocations=19 (full 3):
 PSYoungGen      total 651776K, used 21850K [0x00000000d5f80000, 0x0000000100000000, 0x0000000100000000)
  eden space 616960K, 0% used [0x00000000d5f80000,0x00000000d5f80000,0x00000000fba00000)
  from space 34816K, 62% used [0x00000000fde00000,0x00000000ff356be8,0x0000000100000000)
  to   space 35840K, 0% used [0x00000000fba00000,0x00000000fba00000,0x00000000fdd00000)
 ParOldGen       total 168960K, used 69869K [0x0000000081e00000, 0x000000008c300000, 0x00000000d5f80000)
  object space 168960K, 41% used [0x0000000081e00000,0x000000008623b478,0x000000008c300000)
 Metaspace       used 68574K, capacity 71540K, committed 71680K, reserved 1112064K
  class space    used 9042K, capacity 9602K, committed 9728K, reserved 1048576K
}
Event: 18.544 GC heap before
{Heap before GC invocations=20 (full 3):
 PSYoungGen      total 651776K, used 638810K [0x00000000d5f80000, 0x0000000100000000, 0x0000000100000000)
  eden space 616960K, 100% used [0x00000000d5f80000,0x00000000fba00000,0x00000000fba00000)
  from space 34816K, 62% used [0x00000000fde00000,0x00000000ff356be8,0x0000000100000000)
  to   space 35840K, 0% used [0x00000000fba00000,0x00000000fba00000,0x00000000fdd00000)
 ParOldGen       total 168960K, used 69869K [0x0000000081e00000, 0x000000008c300000, 0x00000000d5f80000)
  object space 168960K, 41% used [0x0000000081e00000,0x000000008623b478,0x000000008c300000)
 Metaspace       used 75591K, capacity 79004K, committed 79104K, reserved 1118208K
  class space    used 9573K, capacity 10200K, committed 10240K, reserved 1048576K
Event: 18.574 GC heap after
Heap after GC invocations=20 (full 3):
 PSYoungGen      total 644608K, used 27537K [0x00000000d5f80000, 0x0000000100000000, 0x0000000100000000)
  eden space 616960K, 0% used [0x00000000d5f80000,0x00000000d5f80000,0x00000000fba00000)
  from space 27648K, 99% used [0x00000000fba00000,0x00000000fd4e4570,0x00000000fd500000)
  to   space 38400K, 0% used [0x00000000fda80000,0x00000000fda80000,0x0000000100000000)
 ParOldGen       total 168960K, used 69877K [0x0000000081e00000, 0x000000008c300000, 0x00000000d5f80000)
  object space 168960K, 41% used [0x0000000081e00000,0x000000008623d478,0x000000008c300000)
 Metaspace       used 75591K, capacity 79004K, committed 79104K, reserved 1118208K
  class space    used 9573K, capacity 10200K, committed 10240K, reserved 1048576K
}
Event: 25.008 GC heap before
{Heap before GC invocations=21 (full 3):
 PSYoungGen      total 644608K, used 644497K [0x00000000d5f80000, 0x0000000100000000, 0x0000000100000000)
  eden space 616960K, 100% used [0x00000000d5f80000,0x00000000fba00000,0x00000000fba00000)
  from space 27648K, 99% used [0x00000000fba00000,0x00000000fd4e4570,0x00000000fd500000)
  to   space 38400K, 0% used [0x00000000fda80000,0x00000000fda80000,0x0000000100000000)
 ParOldGen       total 168960K, used 69877K [0x0000000081e00000, 0x000000008c300000, 0x00000000d5f80000)
  object space 168960K, 41% used [0x0000000081e00000,0x000000008623d478,0x000000008c300000)
 Metaspace       used 85818K, capacity 89658K, committed 89856K, reserved 1128448K
  class space    used 10976K, capacity 11654K, committed 11776K, reserved 1048576K
Event: 25.042 GC heap after
Heap after GC invocations=21 (full 3):
 PSYoungGen      total 631808K, used 38384K [0x00000000d5f80000, 0x0000000100000000, 0x0000000100000000)
  eden space 593408K, 0% used [0x00000000d5f80000,0x00000000d5f80000,0x00000000fa300000)
  from space 38400K, 99% used [0x00000000fda80000,0x00000000ffffc360,0x0000000100000000)
  to   space 47616K, 0% used [0x00000000fa300000,0x00000000fa300000,0x00000000fd180000)
 ParOldGen       total 168960K, used 78669K [0x0000000081e00000, 0x000000008c300000, 0x00000000d5f80000)
  object space 168960K, 46% used [0x0000000081e00000,0x0000000086ad35f8,0x000000008c300000)
 Metaspace       used 85818K, capacity 89658K, committed 89856K, reserved 1128448K
  class space    used 10976K, capacity 11654K, committed 11776K, reserved 1048576K
}
Event: 407.031 GC heap before
{Heap before GC invocations=22 (full 3):
 PSYoungGen      total 631808K, used 343988K [0x00000000d5f80000, 0x0000000100000000, 0x0000000100000000)
  eden space 593408K, 51% used [0x00000000d5f80000,0x00000000e89f0f10,0x00000000fa300000)
  from space 38400K, 99% used [0x00000000fda80000,0x00000000ffffc360,0x0000000100000000)
  to   space 47616K, 0% used [0x00000000fa300000,0x00000000fa300000,0x00000000fd180000)
 ParOldGen       total 168960K, used 78669K [0x0000000081e00000, 0x000000008c300000, 0x00000000d5f80000)
  object space 168960K, 46% used [0x0000000081e00000,0x0000000086ad35f8,0x000000008c300000)
 Metaspace       used 93768K, capacity 98252K, committed 98380K, reserved 1134592K
  class space    used 11919K, capacity 12715K, committed 12800K, reserved 1048576K
Event: 407.066 GC heap after
Heap after GC invocations=22 (full 3):
 PSYoungGen      total 610304K, used 42000K [0x00000000d5f80000, 0x00000000ff100000, 0x0000000100000000)
  eden space 567808K, 0% used [0x00000000d5f80000,0x00000000d5f80000,0x00000000f8a00000)
  from space 42496K, 98% used [0x00000000fa300000,0x00000000fcc04258,0x00000000fcc80000)
  to   space 37376K, 0% used [0x00000000fcc80000,0x00000000fcc80000,0x00000000ff100000)
 ParOldGen       total 168960K, used 86653K [0x0000000081e00000, 0x000000008c300000, 0x00000000d5f80000)
  object space 168960K, 51% used [0x0000000081e00000,0x000000008729f608,0x000000008c300000)
 Metaspace       used 93768K, capacity 98252K, committed 98380K, reserved 1134592K
  class space    used 11919K, capacity 12715K, committed 12800K, reserved 1048576K
}
Event: 407.066 GC heap before
{Heap before GC invocations=23 (full 4):
 PSYoungGen      total 610304K, used 42000K [0x00000000d5f80000, 0x00000000ff100000, 0x0000000100000000)
  eden space 567808K, 0% used [0x00000000d5f80000,0x00000000d5f80000,0x00000000f8a00000)
  from space 42496K, 98% used [0x00000000fa300000,0x00000000fcc04258,0x00000000fcc80000)
  to   space 37376K, 0% used [0x00000000fcc80000,0x00000000fcc80000,0x00000000ff100000)
 ParOldGen       total 168960K, used 86653K [0x0000000081e00000, 0x000000008c300000, 0x00000000d5f80000)
  object space 168960K, 51% used [0x0000000081e00000,0x000000008729f608,0x000000008c300000)
 Metaspace       used 93768K, capacity 98252K, committed 98380K, reserved 1134592K
  class space    used 11919K, capacity 12715K, committed 12800K, reserved 1048576K
Event: 407.526 GC heap after
Heap after GC invocations=23 (full 4):
 PSYoungGen      total 610304K, used 0K [0x00000000d5f80000, 0x00000000ff100000, 0x0000000100000000)
  eden space 567808K, 0% used [0x00000000d5f80000,0x00000000d5f80000,0x00000000f8a00000)
  from space 42496K, 0% used [0x00000000fa300000,0x00000000fa300000,0x00000000fcc80000)
  to   space 37376K, 0% used [0x00000000fcc80000,0x00000000fcc80000,0x00000000ff100000)
 ParOldGen       total 237568K, used 99589K [0x0000000081e00000, 0x0000000090600000, 0x00000000d5f80000)
  object space 237568K, 41% used [0x0000000081e00000,0x0000000087f41568,0x0000000090600000)
 Metaspace       used 93732K, capacity 98166K, committed 98380K, reserved 1134592K
  class space    used 11906K, capacity 12692K, committed 12800K, reserved 1048576K
}

